[Tue Apr 14 08:20:06 PDT 2026] Publishing cachelint@1.0.1...
- Preparing cachelint@1.0.1
[32m✔[39m OK. Published cachelint@1.0.1 (k977bzprg2gpaj4d6v09xk4ba184tspn)
[Tue Apr 14 08:20:13 PDT 2026] OK: cachelint
[Tue Apr 14 08:20:17 PDT 2026] Publishing cloudguard@1.0.1...
- Preparing cloudguard@1.0.1
[32m✔[39m OK. Published cloudguard@1.0.1 (k97c6sywrck6bzqrjqgrphqqed84v03y)
[Tue Apr 14 08:20:23 PDT 2026] OK: cloudguard
[Tue Apr 14 08:20:26 PDT 2026] Publishing concurrencyguard@1.0.1...
- Preparing concurrencyguard@1.0.1
[32m✔[39m OK. Published concurrencyguard@1.0.1 (k979nnh7exgh4kqfgnzwkckxan84v56f)
[Tue Apr 14 08:20:32 PDT 2026] OK: concurrencyguard
[Tue Apr 14 08:20:35 PDT 2026] Publishing containerlint@1.0.1...
- Preparing containerlint@1.0.1
[32m✔[39m OK. Published containerlint@1.0.1 (k9749ryvpzd0j30sv5khjvzaqx84vdzm)
[Tue Apr 14 08:20:41 PDT 2026] OK: containerlint
[Tue Apr 14 08:20:44 PDT 2026] Publishing cronlint@1.0.1...
- Preparing cronlint@1.0.1
[32m✔[39m OK. Published cronlint@1.0.1 (k97e5jd5k2pv4tkxdbpgfwrt4n84tgva)
[Tue Apr 14 08:20:49 PDT 2026] OK: cronlint
[Tue Apr 14 08:20:52 PDT 2026] Batch limit. Waiting 61min...
[Tue Apr 14 09:21:52 PDT 2026] Publishing cryptolint@1.0.1...
- Preparing cryptolint@1.0.1
[32m✔[39m OK. Published cryptolint@1.0.1 (k97597vyydfc32fyth83qff18s84vmqf)
[Tue Apr 14 09:21:57 PDT 2026] OK: cryptolint
[Tue Apr 14 09:22:00 PDT 2026] Publishing dateguard@1.0.1...
- Preparing dateguard@1.0.1
[32m✔[39m OK. Published dateguard@1.0.1 (k97a8a7ssptmg7a4x46v8351rx84v4wr)
[Tue Apr 14 09:22:06 PDT 2026] OK: dateguard
[Tue Apr 14 09:22:09 PDT 2026] Publishing deadcode@1.0.1...
- Preparing deadcode@1.0.1
[32m✔[39m OK. Published deadcode@1.0.1 (k9763jk64zdfyz6t9zh0rr1g5h84ts95)
[Tue Apr 14 09:22:15 PDT 2026] OK: deadcode
[Tue Apr 14 09:22:18 PDT 2026] Publishing doccoverage@1.0.1...
- Preparing doccoverage@1.0.1
[32m✔[39m OK. Published doccoverage@1.0.1 (k97f26n76zy07g4vfmffghvd1184t5rf)
[Tue Apr 14 09:22:22 PDT 2026] OK: doccoverage
[Tue Apr 14 09:22:25 PDT 2026] Publishing envguard@1.0.1...
- Preparing envguard@1.0.1
[32m✔[39m OK. Published envguard@1.0.1 (k97e7rxey0d3qvghfgysv7tzk184taay)
[Tue Apr 14 09:22:30 PDT 2026] OK: envguard
[Tue Apr 14 09:22:33 PDT 2026] Batch limit. Waiting 61min...
[Tue Apr 14 10:23:33 PDT 2026] Publishing errorlens@1.0.1...
- Preparing errorlens@1.0.1
[32m✔[39m OK. Published errorlens@1.0.1 (k979msavpd505rpcrdn0cqz9gs84v3ac)
[Tue Apr 14 10:23:38 PDT 2026] OK: errorlens
[Tue Apr 14 10:23:41 PDT 2026] Publishing eventlint@1.0.1...
- Preparing eventlint@1.0.1
[32m✔[39m OK. Published eventlint@1.0.1 (k970q33221gmnzjyd14vr5f03h84t4yq)
[Tue Apr 14 10:23:45 PDT 2026] OK: eventlint
[Tue Apr 14 10:23:48 PDT 2026] Publishing featurelint@1.0.1...
- Preparing featurelint@1.0.1
[32m✔[39m OK. Published featurelint@1.0.1 (k9768fd3vx1g5fwn5nptp9nm1184tt7q)
[Tue Apr 14 10:23:53 PDT 2026] OK: featurelint
[Tue Apr 14 10:23:56 PDT 2026] Publishing gqllint@1.0.1...
- Preparing gqllint@1.0.1
[32m✔[39m OK. Published gqllint@1.0.1 (k97chdf66n0br3aqda8d0k987h84vy79)
[Tue Apr 14 10:24:00 PDT 2026] OK: gqllint
[Tue Apr 14 10:24:03 PDT 2026] Publishing httplint@1.0.1...
- Preparing httplint@1.0.1
[32m✔[39m OK. Published httplint@1.0.1 (k9789r0n4tcxbf6az9nen70pwn84vzbd)
[Tue Apr 14 10:24:08 PDT 2026] OK: httplint
[Tue Apr 14 10:24:11 PDT 2026] Batch limit. Waiting 61min...
[Tue Apr 14 11:25:11 PDT 2026] Publishing inputshield@1.0.1...
- Preparing inputshield@1.0.1
[32m✔[39m OK. Published inputshield@1.0.1 (k977q1r4zj9afa1h9qeybc6ped84v8ec)
[Tue Apr 14 11:25:16 PDT 2026] OK: inputshield
[Tue Apr 14 11:25:19 PDT 2026] Publishing licenseguard@1.0.1...
- Preparing licenseguard@1.0.1
[31m✖[39m Non-error was thrown: "Timeout". You should only throw errors.
Error: Non-error was thrown: "Timeout". You should only throw errors.
[Tue Apr 14 11:25:50 PDT 2026] FAILED: licenseguard
[Tue Apr 14 11:25:53 PDT 2026] Publishing logsentry@1.0.1...
- Preparing logsentry@1.0.1
[31m✖[39m Non-error was thrown: "Timeout". You should only throw errors.
Error: Non-error was thrown: "Timeout". You should only throw errors.
[Tue Apr 14 11:26:24 PDT 2026] FAILED: logsentry
[Tue Apr 14 11:26:27 PDT 2026] Publishing memguard@1.0.1...
- Preparing memguard@1.0.1
[31m✖[39m Non-error was thrown: "Timeout". You should only throw errors.
Error: Non-error was thrown: "Timeout". You should only throw errors.
[Tue Apr 14 11:26:59 PDT 2026] FAILED: memguard
[Tue Apr 14 11:27:02 PDT 2026] Publishing pipelinelint@1.0.1...
- Preparing pipelinelint@1.0.1
[31m✖[39m fetch failed
Error: fetch failed
[Tue Apr 14 11:27:57 PDT 2026] FAILED: pipelinelint
[Tue Apr 14 11:28:00 PDT 2026] Publishing ratelint@1.0.1...
- Preparing ratelint@1.0.1
[31m✖[39m fetch failed
Error: fetch failed
[Tue Apr 14 11:28:51 PDT 2026] FAILED: ratelint
[Tue Apr 14 11:28:54 PDT 2026] Publishing retrylint@1.0.1...
- Preparing retrylint@1.0.1
[31m✖[39m fetch failed
Error: fetch failed
[Tue Apr 14 11:29:46 PDT 2026] FAILED: retrylint
[Tue Apr 14 11:29:49 PDT 2026] Publishing schemalint@1.0.1...
- Preparing schemalint@1.0.1
[31m✖[39m fetch failed
Error: fetch failed
[Tue Apr 14 11:30:41 PDT 2026] FAILED: schemalint
[Tue Apr 14 11:30:44 PDT 2026] Publishing secretscan@1.0.1...
- Preparing secretscan@1.0.1
[31m✖[39m fetch failed
Error: fetch failed
[Tue Apr 14 11:31:36 PDT 2026] FAILED: secretscan
[Tue Apr 14 11:31:39 PDT 2026] Publishing serdelint@1.0.1...
- Preparing serdelint@1.0.1
[31m✖[39m fetch failed
Error: fetch failed
[Tue Apr 14 11:32:29 PDT 2026] FAILED: serdelint
[Tue Apr 14 11:32:32 PDT 2026] Publishing sqlguard@1.0.1...
- Preparing sqlguard@1.0.1
[31m✖[39m fetch failed
Error: fetch failed
[Tue Apr 14 11:33:20 PDT 2026] FAILED: sqlguard
[Tue Apr 14 11:33:23 PDT 2026] Publishing styleguard@1.0.1...
- Preparing styleguard@1.0.1
[31m✖[39m fetch failed
Error: fetch failed
[Tue Apr 14 11:34:11 PDT 2026] FAILED: styleguard
[Tue Apr 14 11:34:14 PDT 2026] Publishing testgap@1.0.1...
- Preparing testgap@1.0.1
[31m✖[39m fetch failed
Error: fetch failed
[Tue Apr 14 11:35:02 PDT 2026] FAILED: testgap
[Tue Apr 14 11:35:05 PDT 2026] Publishing typedrift@1.0.1...
- Preparing typedrift@1.0.1
[31m✖[39m fetch failed
Error: fetch failed
[Tue Apr 14 11:35:12 PDT 2026] FAILED: typedrift
[Tue Apr 14 11:35:15 PDT 2026] DONE: 16 published
