[     168ms] [ERROR] Failed to load resource: the server responded with a status of 403 () @ https://www.upwork.com/jobs/Configure-OpenClaw_~022029977544858772097:0
[     331ms] [ERROR] Failed to load resource: net::ERR_BLOCKED_BY_RESPONSE.NotSameOriginAfterDefaultedToSameOriginByCoep @ https://upwork.com/favicon.ico:0
[    1493ms] [ERROR] Failed to load resource: the server responded with a status of 401 () @ https://challenges.cloudflare.com/cdn-cgi/challenge-platform/h/g/pat/9d88fede0f9832b9/1772880169027/f2092fd9dbc1d48662f7f56df5dc54b60285463a366b89bf4a6a4e46e495d8be/8g3dmLWgfE8TD6r:0
[    1548ms] [ERROR] %c%d font-size:0;color:transparent NaN @ https://challenges.cloudflare.com/cdn-cgi/challenge-platform/h/g/turnstile/f/ov2/av0/rch/wpd5z/0x4AAAAAAADnPIDROrmt1Wwj/light/fbE/new/normal?lang=auto:0
[    1549ms] [ERROR] %c%d font-size:0;color:transparent NaN @ https://challenges.cloudflare.com/cdn-cgi/challenge-platform/h/g/turnstile/f/ov2/av0/rch/wpd5z/0x4AAAAAAADnPIDROrmt1Wwj/light/fbE/new/normal?lang=auto:0
[    1551ms] [WARNING] %c%d font-size:0;color:transparent NaN @ https://challenges.cloudflare.com/cdn-cgi/challenge-platform/h/g/turnstile/f/ov2/av0/rch/wpd5z/0x4AAAAAAADnPIDROrmt1Wwj/light/fbE/new/normal?lang=auto:0
[    1551ms] [WARNING] %c%d font-size:0;color:transparent NaN @ https://challenges.cloudflare.com/cdn-cgi/challenge-platform/h/g/turnstile/f/ov2/av0/rch/wpd5z/0x4AAAAAAADnPIDROrmt1Wwj/light/fbE/new/normal?lang=auto:0
[    1601ms] [ERROR]  Note that 'script-src' was not explicitly set, so 'default-src' is used as a fallback. @ https://challenges.cloudflare.com/cdn-cgi/challenge-platform/h/g/turnstile/f/ov2/av0/rch/wpd5z/0x4AAAAAAADnPIDROrmt1Wwj/light/fbE/new/normal?lang=auto:0
[    5036ms] [ERROR] Failed to load resource: net::ERR_BLOCKED_BY_RESPONSE.NotSameOriginAfterDefaultedToSameOriginByCoep @ https://upwork.com/favicon.ico:0
[    7028ms] [ERROR] A bad HTTP response code (404) was received when fetching the script. @ :0
[    7217ms] [ERROR] Hydration completed but contains mismatches. @ https://www.upwork.com/static/assets/JobDetailsNuxt/_nuxt/entry.DsIukgAu.js:17
[    7336ms] [WARNING] [SUIT]: olog is deprecated, remove it from the trackers array - CI-15888 @ https://www.upwork.com/static/suit2-tracker/0.3.50/index.iife.min.js:0
[    7337ms] [WARNING] [SUIT]: olog is deprecated, remove it from the trackers array - CI-15888 @ https://www.upwork.com/static/assets/JobDetailsNuxt/_nuxt/entry.DsIukgAu.js:67
[   24268ms] [WARNING] [SUIT]: unexpected key (prefix) removed from event {event: click, sublocation: jobdetails_righaisle, label: submit_proposal, prefix: , data: Object} @ https://www.upwork.com/static/suit2-tracker/0.3.50/index.iife.min.js:0
[   24269ms] [WARNING] [SUIT]: unexpected key (prefix) removed from event @ https://www.upwork.com/static/assets/JobDetailsNuxt/_nuxt/entry.DsIukgAu.js:67
[ 8180624ms] [WARNING] Websocket closed, reason: Connection was closed abnormally (that is, with no close frame being sent). - wasClean: false @ https://www.upwork.com/static/dash-api/1.3.2/dash-api.min.js:0
[11014457ms] [WARNING] Websocket closed, reason: Connection was closed abnormally (that is, with no close frame being sent). - wasClean: false @ https://www.upwork.com/static/assets/InnovaMicroAppNuxt/spa/upwork/nuxt-innova-micro-app-nuxt:v1.89.0/innova/spa_innova.umd.34.js:4099
[17900612ms] [WARNING] Websocket closed, reason: Connection was closed abnormally (that is, with no close frame being sent). - wasClean: false @ https://www.upwork.com/static/dash-api/1.3.2/dash-api.min.js:0
[19132278ms] [WARNING] Websocket closed, reason: Connection was closed abnormally (that is, with no close frame being sent). - wasClean: false @ https://www.upwork.com/static/assets/InnovaMicroAppNuxt/spa/upwork/nuxt-innova-micro-app-nuxt:v1.89.0/innova/spa_innova.umd.34.js:4099
[31462005ms] [ERROR] Failed to load resource: net::ERR_NAME_NOT_RESOLVED @ https://cdn123.forter.com/?u=d1959627ec904ee29ca5f97b20023817&v=2:0
[31480781ms] [WARNING] Websocket closed, reason: Connection was closed abnormally (that is, with no close frame being sent). - wasClean: false @ https://www.upwork.com/static/assets/InnovaMicroAppNuxt/spa/upwork/nuxt-innova-micro-app-nuxt:v1.89.0/innova/spa_innova.umd.34.js:4099
[31480876ms] Array(1)
[31480794ms] [ERROR] Failed to load resource: net::ERR_NAME_NOT_RESOLVED @ https://tl.upwork.com/wp?app=uma-llmgw&libVersion=2.71.0&tml=true&appVersion=unknown&base64=false&oauth2_token=oauth2v2_int_11d4fc297fb754ca437f25622ce72fa6&connIdsToClose=446eabf9-5686-41a5-87ce-165cd6c11b41&X-Atmosphere-Transport=close&X-Atmosphere-tracking-id=bf236e4c-7b0a-4677-abf9-5d756ca474d5&_=1772911640975:0
[31499852ms] [ERROR] WebSocket connection to 'wss://tl.upwork.com/wp?app=uma-llmgw&libVersion=2.71.0&tml=true&appVersion=unknown&base64=false&oauth2_token=oauth2v2_int_11d4fc297fb754ca437f25622ce72fa6&connIdsToClose=bf236e4c-7b0a-4677-abf9-5d756ca474d5&X-Atmosphere-tracking-id=0&X-Atmosphere-Framework=2.3.8-javascript&X-Atmosphere-Transport=websocket&X-Atmosphere-TrackMessageSize=true&X-atmo-protocol=true' failed: Error in connection establishment: net::ERR_NAME_NOT_RESOLVED @ https://www.upwork.com/static/assets/InnovaMicroAppNuxt/spa/upwork/nuxt-innova-micro-app-nuxt:v1.89.0/innova/spa_innova.umd.34.js:2025
[31499853ms] [WARNING] Websocket closed, reason: Connection was closed abnormally (that is, with no close frame being sent). - wasClean: false @ https://www.upwork.com/static/assets/InnovaMicroAppNuxt/spa/upwork/nuxt-innova-micro-app-nuxt:v1.89.0/innova/spa_innova.umd.34.js:4099
[31499874ms] Array(1)
[31500303ms] [WARNING] Websocket closed, reason: Connection was closed abnormally (that is, with no close frame being sent). - wasClean: false @ https://www.upwork.com/static/dash-api/1.3.2/dash-api.min.js:0
[31500350ms] Array(1)
[31500308ms] [ERROR] Failed to load resource: net::ERR_NAME_NOT_RESOLVED @ https://tl.upwork.com/wp?app=global-dash-api&libVersion=%7B%7B%20VERSION%20%7D%7D&tml=true&base64=false&oauth2_token=oauth2v2_int_11d4fc297fb754ca437f25622ce72fa6&presence=away&connIdsToClose=70baa7a1-c156-411f-b655-c147bdcdc315&X-Atmosphere-Transport=close&X-Atmosphere-tracking-id=695e121c-d3f6-4429-aac3-81fc934dfe84&_=1772911660492:0
[31522309ms] [ERROR] WebSocket connection to 'wss://tl.upwork.com/wp?app=global-dash-api&libVersion=%7B%7B%20VERSION%20%7D%7D&tml=true&base64=false&oauth2_token=oauth2v2_int_11d4fc297fb754ca437f25622ce72fa6&presence=away&connIdsToClose=695e121c-d3f6-4429-aac3-81fc934dfe84&X-Atmosphere-tracking-id=0&X-Atmosphere-Framework=2.3.8-javascript&X-Atmosphere-Transport=websocket&X-Atmosphere-TrackMessageSize=true&X-atmo-protocol=true' failed: Error in connection establishment: net::ERR_NAME_NOT_RESOLVED @ https://www.upwork.com/static/dash-api/1.3.2/dash-api.min.js:0
[31522310ms] [WARNING] Websocket closed, reason: Connection was closed abnormally (that is, with no close frame being sent). - wasClean: false @ https://www.upwork.com/static/dash-api/1.3.2/dash-api.min.js:0
[31522312ms] Array(1)
[31574793ms] [ERROR] WebSocket connection to 'wss://tl.upwork.com/wp?app=uma-llmgw&libVersion=2.71.0&tml=true&appVersion=unknown&base64=false&oauth2_token=oauth2v2_int_11d4fc297fb754ca437f25622ce72fa6&connIdsToClose=bf236e4c-7b0a-4677-abf9-5d756ca474d5&X-Atmosphere-tracking-id=0&X-Atmosphere-Framework=2.3.8-javascript&X-Atmosphere-Transport=websocket&X-Atmosphere-TrackMessageSize=true&X-atmo-protocol=true' failed: Error in connection establishment: net::ERR_NAME_NOT_RESOLVED @ https://www.upwork.com/static/assets/InnovaMicroAppNuxt/spa/upwork/nuxt-innova-micro-app-nuxt:v1.89.0/innova/spa_innova.umd.34.js:2025
[31574794ms] [WARNING] Websocket closed, reason: Connection was closed abnormally (that is, with no close frame being sent). - wasClean: false @ https://www.upwork.com/static/assets/InnovaMicroAppNuxt/spa/upwork/nuxt-innova-micro-app-nuxt:v1.89.0/innova/spa_innova.umd.34.js:4099
[31574797ms] Array(1)
[31580311ms] [ERROR] WebSocket connection to 'wss://tl.upwork.com/wp?app=global-dash-api&libVersion=%7B%7B%20VERSION%20%7D%7D&tml=true&base64=false&oauth2_token=oauth2v2_int_11d4fc297fb754ca437f25622ce72fa6&presence=away&connIdsToClose=695e121c-d3f6-4429-aac3-81fc934dfe84&X-Atmosphere-tracking-id=0&X-Atmosphere-Framework=2.3.8-javascript&X-Atmosphere-Transport=websocket&X-Atmosphere-TrackMessageSize=true&X-atmo-protocol=true' failed: Error in connection establishment: net::ERR_NAME_NOT_RESOLVED @ https://www.upwork.com/static/dash-api/1.3.2/dash-api.min.js:0
[31580311ms] [WARNING] Websocket closed, reason: Connection was closed abnormally (that is, with no close frame being sent). - wasClean: false @ https://www.upwork.com/static/dash-api/1.3.2/dash-api.min.js:0
[31580313ms] Array(1)
[31708312ms] [ERROR] WebSocket connection to 'wss://tl.upwork.com/wp?app=global-dash-api&libVersion=%7B%7B%20VERSION%20%7D%7D&tml=true&base64=false&oauth2_token=oauth2v2_int_11d4fc297fb754ca437f25622ce72fa6&presence=away&connIdsToClose=695e121c-d3f6-4429-aac3-81fc934dfe84&X-Atmosphere-tracking-id=0&X-Atmosphere-Framework=2.3.8-javascript&X-Atmosphere-Transport=websocket&X-Atmosphere-TrackMessageSize=true&X-atmo-protocol=true' failed: Error in connection establishment: net::ERR_NAME_NOT_RESOLVED @ https://www.upwork.com/static/dash-api/1.3.2/dash-api.min.js:0
[31708312ms] [WARNING] Websocket closed, reason: Connection was closed abnormally (that is, with no close frame being sent). - wasClean: false @ https://www.upwork.com/static/dash-api/1.3.2/dash-api.min.js:0
[31708314ms] Array(1)
[31724795ms] [ERROR] WebSocket connection to 'wss://tl.upwork.com/wp?app=uma-llmgw&libVersion=2.71.0&tml=true&appVersion=unknown&base64=false&oauth2_token=oauth2v2_int_11d4fc297fb754ca437f25622ce72fa6&connIdsToClose=bf236e4c-7b0a-4677-abf9-5d756ca474d5&X-Atmosphere-tracking-id=0&X-Atmosphere-Framework=2.3.8-javascript&X-Atmosphere-Transport=websocket&X-Atmosphere-TrackMessageSize=true&X-atmo-protocol=true' failed: Error in connection establishment: net::ERR_NAME_NOT_RESOLVED @ https://www.upwork.com/static/assets/InnovaMicroAppNuxt/spa/upwork/nuxt-innova-micro-app-nuxt:v1.89.0/innova/spa_innova.umd.34.js:2025
[31724795ms] [WARNING] Websocket closed, reason: Connection was closed abnormally (that is, with no close frame being sent). - wasClean: false @ https://www.upwork.com/static/assets/InnovaMicroAppNuxt/spa/upwork/nuxt-innova-micro-app-nuxt:v1.89.0/innova/spa_innova.umd.34.js:4099
[31724796ms] Array(1)
